# JRE version: OpenJDK Runtime Environment (8.0_212) (build 1.8.0_212-release-1586-b4-5784211)
# Java VM: OpenJDK 64-Bit Server VM (25.212-b4-5784211 mixed mode linux-amd64 compressed oops)
Heap:
 PSYoungGen      total 263168K, used 110002K [0x00000000e0000000, 0x00000000f2180000, 0x0000000100000000)
  eden space 245248K, 40% used [0x00000000e0000000,0x00000000e6158c20,0x00000000eef80000)
  from space 17920K, 57% used [0x00000000f1000000,0x00000000f1a13e00,0x00000000f2180000)
  to   space 25600K, 0% used [0x00000000eef80000,0x00000000eef80000,0x00000000f0880000)
 ParOldGen       total 84480K, used 44593K [0x00000000a0000000, 0x00000000a5280000, 0x00000000e0000000)
  object space 84480K, 52% used [0x00000000a0000000,0x00000000a2b8c730,0x00000000a5280000)
 Metaspace       used 82522K, capacity 85972K, committed 86144K, reserved 1124352K
  class space    used 11099K, capacity 11783K, committed 11904K, reserved 1048576K
GC Heap History (10 events):
Event: 16,539 GC heap before
{Heap before GC invocations=15 (full 2):
 PSYoungGen      total 162816K, used 28194K [0x00000000e0000000, 0x00000000eba80000, 0x0000000100000000)
  eden space 147456K, 8% used [0x00000000e0000000,0x00000000e0c8d5a0,0x00000000e9000000)
  from space 15360K, 99% used [0x00000000ea380000,0x00000000eb27b5c8,0x00000000eb280000)
  to   space 19968K, 0% used [0x00000000e9000000,0x00000000e9000000,0x00000000ea380000)
 ParOldGen       total 55296K, used 25347K [0x00000000a0000000, 0x00000000a3600000, 0x00000000e0000000)
  object space 55296K, 45% used [0x00000000a0000000,0x00000000a18c0c48,0x00000000a3600000)
 Metaspace       used 57062K, capacity 59032K, committed 59136K, reserved 1099776K
  class space    used 7916K, capacity 8399K, committed 8448K, reserved 1048576K
Event: 16,575 GC heap after
Heap after GC invocations=15 (full 2):
 PSYoungGen      total 167424K, used 1522K [0x00000000e0000000, 0x00000000ef080000, 0x0000000100000000)
  eden space 147456K, 0% used [0x00000000e0000000,0x00000000e0000000,0x00000000e9000000)
  from space 19968K, 7% used [0x00000000e9000000,0x00000000e917ca68,0x00000000ea380000)
  to   space 19968K, 0% used [0x00000000edd00000,0x00000000edd00000,0x00000000ef080000)
 ParOldGen       total 55296K, used 39698K [0x00000000a0000000, 0x00000000a3600000, 0x00000000e0000000)
  object space 55296K, 71% used [0x00000000a0000000,0x00000000a26c4960,0x00000000a3600000)
 Metaspace       used 57062K, capacity 59032K, committed 59136K, reserved 1099776K
  class space    used 7916K, capacity 8399K, committed 8448K, reserved 1048576K
}
Event: 16,575 GC heap before
{Heap before GC invocations=16 (full 3):
 PSYoungGen      total 167424K, used 1522K [0x00000000e0000000, 0x00000000ef080000, 0x0000000100000000)
  eden space 147456K, 0% used [0x00000000e0000000,0x00000000e0000000,0x00000000e9000000)
  from space 19968K, 7% used [0x00000000e9000000,0x00000000e917ca68,0x00000000ea380000)
  to   space 19968K, 0% used [0x00000000edd00000,0x00000000edd00000,0x00000000ef080000)
 ParOldGen       total 55296K, used 39698K [0x00000000a0000000, 0x00000000a3600000, 0x00000000e0000000)
  object space 55296K, 71% used [0x00000000a0000000,0x00000000a26c4960,0x00000000a3600000)
 Metaspace       used 57062K, capacity 59032K, committed 59136K, reserved 1099776K
  class space    used 7916K, capacity 8399K, committed 8448K, reserved 1048576K
Event: 16,852 GC heap after
Heap after GC invocations=16 (full 3):
 PSYoungGen      total 167424K, used 0K [0x00000000e0000000, 0x00000000ef080000, 0x0000000100000000)
  eden space 147456K, 0% used [0x00000000e0000000,0x00000000e0000000,0x00000000e9000000)
  from space 19968K, 0% used [0x00000000e9000000,0x00000000e9000000,0x00000000ea380000)
  to   space 19968K, 0% used [0x00000000edd00000,0x00000000edd00000,0x00000000ef080000)
 ParOldGen       total 84480K, used 30019K [0x00000000a0000000, 0x00000000a5280000, 0x00000000e0000000)
  object space 84480K, 35% used [0x00000000a0000000,0x00000000a1d50d48,0x00000000a5280000)
 Metaspace       used 56979K, capacity 58812K, committed 59136K, reserved 1099776K
  class space    used 7889K, capacity 8351K, committed 8448K, reserved 1048576K
}
Event: 20,461 GC heap before
{Heap before GC invocations=17 (full 3):
 PSYoungGen      total 167424K, used 147456K [0x00000000e0000000, 0x00000000ef080000, 0x0000000100000000)
  eden space 147456K, 100% used [0x00000000e0000000,0x00000000e9000000,0x00000000e9000000)
  from space 19968K, 0% used [0x00000000e9000000,0x00000000e9000000,0x00000000ea380000)
  to   space 19968K, 0% used [0x00000000edd00000,0x00000000edd00000,0x00000000ef080000)
 ParOldGen       total 84480K, used 30019K [0x00000000a0000000, 0x00000000a5280000, 0x00000000e0000000)
  object space 84480K, 35% used [0x00000000a0000000,0x00000000a1d50d48,0x00000000a5280000)
 Metaspace       used 61601K, capacity 63862K, committed 64000K, reserved 1103872K
  class space    used 8578K, capacity 9112K, committed 9216K, reserved 1048576K
Event: 20,489 GC heap after
Heap after GC invocations=17 (full 3):
 PSYoungGen      total 207872K, used 11848K [0x00000000e0000000, 0x00000000ee900000, 0x0000000100000000)
  eden space 195584K, 0% used [0x00000000e0000000,0x00000000e0000000,0x00000000ebf00000)
  from space 12288K, 96% used [0x00000000edd00000,0x00000000ee8922a8,0x00000000ee900000)
  to   space 20480K, 0% used [0x00000000ec100000,0x00000000ec100000,0x00000000ed500000)
 ParOldGen       total 84480K, used 30027K [0x00000000a0000000, 0x00000000a5280000, 0x00000000e0000000)
  object space 84480K, 35% used [0x00000000a0000000,0x00000000a1d52d48,0x00000000a5280000)
 Metaspace       used 61601K, capacity 63862K, committed 64000K, reserved 1103872K
  class space    used 8578K, capacity 9112K, committed 9216K, reserved 1048576K
}
Event: 245,905 GC heap before
{Heap before GC invocations=18 (full 3):
 PSYoungGen      total 207872K, used 207432K [0x00000000e0000000, 0x00000000ee900000, 0x0000000100000000)
  eden space 195584K, 100% used [0x00000000e0000000,0x00000000ebf00000,0x00000000ebf00000)
  from space 12288K, 96% used [0x00000000edd00000,0x00000000ee8922a8,0x00000000ee900000)
  to   space 20480K, 0% used [0x00000000ec100000,0x00000000ec100000,0x00000000ed500000)
 ParOldGen       total 84480K, used 30027K [0x00000000a0000000, 0x00000000a5280000, 0x00000000e0000000)
  object space 84480K, 35% used [0x00000000a0000000,0x00000000a1d52d48,0x00000000a5280000)
 Metaspace       used 77204K, capacity 80010K, committed 80256K, reserved 1118208K
  class space    used 10420K, capacity 11030K, committed 11136K, reserved 1048576K
Event: 245,955 GC heap after
Heap after GC invocations=18 (full 3):
 PSYoungGen      total 218112K, used 20472K [0x00000000e0000000, 0x00000000f2a80000, 0x0000000100000000)
  eden space 197632K, 0% used [0x00000000e0000000,0x00000000e0000000,0x00000000ec100000)
  from space 20480K, 99% used [0x00000000ec100000,0x00000000ed4fe148,0x00000000ed500000)
  to   space 27136K, 0% used [0x00000000f1000000,0x00000000f1000000,0x00000000f2a80000)
 ParOldGen       total 84480K, used 39368K [0x00000000a0000000, 0x00000000a5280000, 0x00000000e0000000)
  object space 84480K, 46% used [0x00000000a0000000,0x00000000a2672358,0x00000000a5280000)
 Metaspace       used 77204K, capacity 80010K, committed 80256K, reserved 1118208K
  class space    used 10420K, capacity 11030K, committed 11136K, reserved 1048576K
}
Event: 1450,075 GC heap before
{Heap before GC invocations=19 (full 3):
 PSYoungGen      total 218112K, used 218104K [0x00000000e0000000, 0x00000000f2a80000, 0x0000000100000000)
  eden space 197632K, 100% used [0x00000000e0000000,0x00000000ec100000,0x00000000ec100000)
  from space 20480K, 99% used [0x00000000ec100000,0x00000000ed4fe148,0x00000000ed500000)
  to   space 27136K, 0% used [0x00000000f1000000,0x00000000f1000000,0x00000000f2a80000)
 ParOldGen       total 84480K, used 39368K [0x00000000a0000000, 0x00000000a5280000, 0x00000000e0000000)
  object space 84480K, 46% used [0x00000000a0000000,0x00000000a2672358,0x00000000a5280000)
 Metaspace       used 82251K, capacity 85604K, committed 85760K, reserved 1124352K
  class space    used 11095K, capacity 11775K, committed 11776K, reserved 1048576K
Event: 1450,115 GC heap after
Heap after GC invocations=19 (full 3):
 PSYoungGen      total 263168K, used 10319K [0x00000000e0000000, 0x00000000f2180000, 0x0000000100000000)
  eden space 245248K, 0% used [0x00000000e0000000,0x00000000e0000000,0x00000000eef80000)
  from space 17920K, 57% used [0x00000000f1000000,0x00000000f1a13e00,0x00000000f2180000)
  to   space 25600K, 0% used [0x00000000eef80000,0x00000000eef80000,0x00000000f0880000)
 ParOldGen       total 84480K, used 44593K [0x00000000a0000000, 0x00000000a5280000, 0x00000000e0000000)
  object space 84480K, 52% used [0x00000000a0000000,0x00000000a2b8c730,0x00000000a5280000)
 Metaspace       used 82251K, capacity 85604K, committed 85760K, reserved 1124352K
  class space    used 11095K, capacity 11775K, committed 11776K, reserved 1048576K
}

